\BOOKMARK [0][-]{part*.1}{\376\377\000T\000e\000i\000l\000\040\000I\000:\000\040\000G\000r\000u\000n\000d\000l\000a\000g\000e\000n}{}% 1
\BOOKMARK [1][-]{section.1}{\376\377\000W\000a\000s\000\040\000i\000s\000t\000\040\000m\000e\000d\000i\000z\000i\000n\000i\000s\000c\000h\000e\000s\000\040\000U\000n\000d\000e\000r\000w\000r\000i\000t\000i\000n\000g\000?}{part*.1}% 2
\BOOKMARK [2][-]{subsection.1.1}{\376\377\000U\000n\000d\000e\000r\000w\000r\000i\000t\000e\000r\000\040\000v\000s\000.\000\040\000A\000k\000t\000u\000a\000r\000\040\000v\000s\000.\000\040\000S\000c\000h\000a\000d\000e\000n\000r\000e\000g\000u\000l\000i\000e\000r\000e\000r}{section.1}% 3
\BOOKMARK [2][-]{subsection.1.2}{\376\377\000D\000r\000e\000i\000\040\000E\000n\000t\000s\000c\000h\000e\000i\000d\000u\000n\000g\000s\000e\000r\000g\000e\000b\000n\000i\000s\000s\000e}{section.1}% 4
\BOOKMARK [2][-]{subsection.1.3}{\376\377\000R\000e\000g\000u\000l\000a\000t\000o\000r\000i\000s\000c\000h\000e\000s\000\040\000U\000m\000f\000e\000l\000d}{section.1}% 5
\BOOKMARK [1][-]{section.2}{\376\377\000D\000a\000t\000e\000n\000q\000u\000e\000l\000l\000e\000n\000\040\000u\000n\000d\000\040\000M\000a\000r\000k\000t\000v\000a\000r\000i\000a\000t\000i\000o\000n}{part*.1}% 6
\BOOKMARK [2][-]{subsection.2.1}{\376\377\000D\000a\000t\000e\000n\000q\000u\000e\000l\000l\000e\000n\000\040\000i\000n\000\040\000d\000e\000r\000\040\000P\000r\000a\000x\000i\000s}{section.2}% 7
\BOOKMARK [2][-]{subsection.2.2}{\376\377\000M\000a\000r\000k\000t\000v\000a\000r\000i\000a\000t\000i\000o\000n}{section.2}% 8
\BOOKMARK [2][-]{subsection.2.3}{\376\377\000E\000x\000t\000e\000r\000n\000e\000\040\000D\000a\000t\000e\000n\000a\000d\000a\000p\000t\000e\000r}{section.2}% 9
\BOOKMARK [1][-]{section.3}{\376\377\000M\000e\000d\000i\000z\000i\000n\000i\000s\000c\000h\000e\000\040\000K\000o\000d\000i\000e\000r\000s\000y\000s\000t\000e\000m\000e}{part*.1}% 10
\BOOKMARK [2][-]{subsection.3.1}{\376\377\000I\000C\000D\000-\0001\0000\000:\000\040\000D\000i\000e\000\040\000S\000p\000r\000a\000c\000h\000e\000\040\000d\000e\000r\000\040\000D\000i\000a\000g\000n\000o\000s\000e\000n}{section.3}% 11
\BOOKMARK [2][-]{subsection.3.2}{\376\377\000L\000O\000I\000N\000C\000:\000\040\000L\000a\000b\000o\000r\000s\000t\000a\000n\000d\000a\000r\000d\000s}{section.3}% 12
\BOOKMARK [2][-]{subsection.3.3}{\376\377\000A\000T\000C\000:\000\040\000M\000e\000d\000i\000k\000a\000m\000e\000n\000t\000e\000n\000k\000l\000a\000s\000s\000i\000f\000i\000k\000a\000t\000i\000o\000n}{section.3}% 13
\BOOKMARK [1][-]{section.4}{\376\377\000K\000o\000m\000o\000r\000b\000i\000d\000i\000t\000\344\000t\000s\000b\000e\000w\000e\000r\000t\000u\000n\000g}{part*.1}% 14
\BOOKMARK [2][-]{subsection.4.1}{\376\377\000D\000e\000r\000\040\000C\000h\000a\000r\000l\000s\000o\000n\000\040\000C\000o\000m\000o\000r\000b\000i\000d\000i\000t\000y\000\040\000I\000n\000d\000e\000x}{section.4}% 15
\BOOKMARK [2][-]{subsection.4.2}{\376\377\000K\000o\000m\000o\000r\000b\000i\000d\000i\000t\000\344\000t\000s\000k\000a\000s\000k\000a\000d\000e\000n}{section.4}% 16
\BOOKMARK [2][-]{subsection.4.3}{\376\377\000E\000l\000i\000x\000h\000a\000u\000s\000e\000r\000-\000I\000n\000d\000e\000x}{section.4}% 17
\BOOKMARK [0][-]{part*.2}{\376\377\000T\000e\000i\000l\000\040\000I\000I\000:\000\040\000K\000T\000G\000-\000K\000a\000l\000k\000u\000l\000a\000t\000i\000o\000n}{}% 18
\BOOKMARK [1][-]{section.5}{\376\377\000W\000a\000s\000\040\000i\000s\000t\000\040\000K\000r\000a\000n\000k\000e\000n\000t\000a\000g\000e\000g\000e\000l\000d\000?}{part*.2}% 19
\BOOKMARK [1][-]{section.6}{\376\377\000W\000a\000r\000u\000m\000\040\000H\000y\000p\000e\000r\000t\000o\000n\000i\000e\000?}{part*.2}% 20
\BOOKMARK [1][-]{section.7}{\376\377\000K\000r\000a\000n\000k\000h\000e\000i\000t\000s\000v\000e\000r\000l\000a\000u\000f\000:\000\040\000D\000a\000s\000\040\000C\000T\000M\000C\000-\000M\000o\000d\000e\000l\000l}{part*.2}% 21
\BOOKMARK [1][-]{section.8}{\376\377\000A\000U\000-\000F\000r\000e\000q\000u\000e\000n\000z\000\040\000u\000n\000d\000\040\000-\000D\000a\000u\000e\000r}{part*.2}% 22
\BOOKMARK [2][-]{subsection.8.1}{\376\377\000F\000r\000e\000q\000u\000e\000n\000z\000:\000\040\000N\000e\000g\000a\000t\000i\000v\000e\000\040\000B\000i\000n\000o\000m\000i\000a\000l\000v\000e\000r\000t\000e\000i\000l\000u\000n\000g}{section.8}% 23
\BOOKMARK [2][-]{subsection.8.2}{\376\377\000D\000a\000u\000e\000r\000:\000\040\000W\000e\000i\000b\000u\000l\000l\000\040\000A\000F\000T}{section.8}% 24
\BOOKMARK [1][-]{section.9}{\376\377\000K\000T\000G\000-\000P\000r\000\344\000m\000i\000e\000n\000b\000e\000r\000e\000c\000h\000n\000u\000n\000g}{part*.2}% 25
\BOOKMARK [2][-]{subsection.9.1}{\376\377\000\304\000q\000u\000i\000v\000a\000l\000e\000n\000z\000p\000r\000i\000n\000z\000i\000p}{section.9}% 26
\BOOKMARK [2][-]{subsection.9.2}{\376\377\000D\000u\000r\000c\000h\000g\000e\000r\000e\000c\000h\000n\000e\000t\000e\000s\000\040\000B\000e\000i\000s\000p\000i\000e\000l}{section.9}% 27
\BOOKMARK [0][-]{part*.3}{\376\377\000T\000e\000i\000l\000\040\000I\000I\000I\000:\000\040\000M\000L\000-\000M\000e\000t\000h\000o\000d\000e\000n\000\040\000u\000n\000d\000\040\000M\000o\000d\000e\000l\000l\000e}{}% 28
\BOOKMARK [1][-]{section.10}{\376\377\000R\000i\000s\000i\000k\000o\000k\000l\000a\000s\000s\000i\000f\000i\000k\000a\000t\000i\000o\000n}{part*.3}% 29
\BOOKMARK [2][-]{subsection.10.1}{\376\377\000F\000e\000a\000t\000u\000r\000e\000\040\000E\000n\000g\000i\000n\000e\000e\000r\000i\000n\000g}{section.10}% 30
\BOOKMARK [2][-]{subsection.10.2}{\376\377\000X\000G\000B\000o\000o\000s\000t\000-\000K\000l\000a\000s\000s\000i\000f\000i\000k\000a\000t\000o\000r}{section.10}% 31
\BOOKMARK [2][-]{subsection.10.3}{\376\377\000P\000l\000a\000t\000t\000-\000K\000a\000l\000i\000b\000r\000i\000e\000r\000u\000n\000g}{section.10}% 32
\BOOKMARK [2][-]{subsection.10.4}{\376\377\000M\000o\000d\000e\000l\000\040\000R\000o\000u\000t\000e\000r}{section.10}% 33
\BOOKMARK [1][-]{section.11}{\376\377\000S\000u\000r\000v\000i\000v\000a\000l\000-\000A\000n\000a\000l\000y\000s\000e\000:\000\040\000C\000o\000x\000\040\000P\000H}{part*.3}% 34
\BOOKMARK [1][-]{section.12}{\376\377\000K\000l\000a\000s\000s\000i\000s\000c\000h\000e\000\040\000M\000L\000-\000M\000e\000t\000h\000o\000d\000e\000n}{part*.3}% 35
\BOOKMARK [2][-]{subsection.12.1}{\376\377\000L\000o\000g\000i\000s\000t\000i\000s\000c\000h\000e\000\040\000R\000e\000g\000r\000e\000s\000s\000i\000o\000n}{section.12}% 36
\BOOKMARK [2][-]{subsection.12.2}{\376\377\000R\000a\000n\000d\000o\000m\000\040\000F\000o\000r\000e\000s\000t}{section.12}% 37
\BOOKMARK [2][-]{subsection.12.3}{\376\377\000G\000l\000e\000i\000t\000e\000n\000d\000e\000\040\000M\000i\000t\000t\000e\000l\000w\000e\000r\000t\000e\000\040\000u\000n\000d\000\040\000E\000x\000p\000o\000n\000e\000n\000t\000i\000e\000l\000l\000e\000s\000\040\000G\000l\000\344\000t\000t\000e\000n}{section.12}% 38
\BOOKMARK [2][-]{subsection.12.4}{\376\377\000L\000S\000T\000M\000-\000N\000e\000t\000z\000w\000e\000r\000k\000e}{section.12}% 39
\BOOKMARK [2][-]{subsection.12.5}{\376\377\000A\000n\000o\000m\000a\000l\000i\000e\000e\000r\000k\000e\000n\000n\000u\000n\000g}{section.12}% 40
\BOOKMARK [0][-]{part*.4}{\376\377\000T\000e\000i\000l\000\040\000I\000V\000:\000\040\000P\000i\000p\000e\000l\000i\000n\000e\000\040\000u\000n\000d\000\040\000V\000a\000l\000i\000d\000i\000e\000r\000u\000n\000g}{}% 41
\BOOKMARK [1][-]{section.13}{\376\377\000D\000a\000t\000e\000n\000q\000u\000a\000l\000i\000t\000\344\000t\000:\000\040\000D\000a\000s\000\040\000D\000Q\000S\000-\000F\000r\000a\000m\000e\000w\000o\000r\000k}{part*.4}% 42
\BOOKMARK [2][-]{subsection.13.1}{\376\377\0005\000\040\000K\000o\000n\000s\000i\000s\000t\000e\000n\000z\000r\000e\000g\000e\000l\000n}{section.13}% 43
\BOOKMARK [2][-]{subsection.13.2}{\376\377\000T\000i\000e\000r\000-\000K\000l\000a\000s\000s\000i\000f\000i\000k\000a\000t\000i\000o\000n}{section.13}% 44
\BOOKMARK [1][-]{section.14}{\376\377\000F\000e\000h\000l\000e\000r\000e\000r\000k\000e\000n\000n\000u\000n\000g\000\040\000u\000n\000d\000\040\000P\000B\000W}{part*.4}% 45
\BOOKMARK [2][-]{subsection.14.1}{\376\377\000D\000r\000e\000i\000\040\000E\000r\000k\000e\000n\000n\000u\000n\000g\000s\000s\000i\000g\000n\000a\000l\000e}{section.14}% 46
\BOOKMARK [2][-]{subsection.14.2}{\376\377\000K\000o\000s\000t\000e\000n\000o\000p\000t\000i\000m\000a\000l\000e\000\040\000E\000n\000t\000s\000c\000h\000e\000i\000d\000u\000n\000g\000e\000n\000\040\000\050\000R\000e\000l\000i\000a\000b\000i\000l\000i\000t\000y\000\040\000H\000e\000a\000d\000\040\000v\0002\000\051}{section.14}% 47
\BOOKMARK [1][-]{section.15}{\376\377\000U\000n\000d\000e\000r\000w\000r\000i\000t\000i\000n\000g\000\040\000D\000e\000c\000i\000s\000i\000o\000n\000\040\000E\000n\000g\000i\000n\000e}{part*.4}% 48
\BOOKMARK [2][-]{subsection.15.1}{\376\377\0006\000\040\000K\000l\000i\000n\000i\000s\000c\000h\000e\000\040\000K\000o\000n\000s\000i\000s\000t\000e\000n\000z\000p\000r\000\374\000f\000u\000n\000g\000e\000n}{section.15}% 49
\BOOKMARK [1][-]{section.16}{\376\377\000G\000e\000s\000a\000m\000t\000p\000i\000p\000e\000l\000i\000n\000e\000\040\000u\000n\000d\000\040\000V\000a\000l\000i\000d\000i\000e\000r\000u\000n\000g}{part*.4}% 50
\BOOKMARK [2][-]{subsection.16.1}{\376\377\000A\000u\000d\000i\000t\000\040\000T\000r\000a\000i\000l\000\040\000u\000n\000d\000\040\000H\000u\000m\000a\000n\000\040\000O\000v\000e\000r\000r\000i\000d\000e}{section.16}% 51
\BOOKMARK [2][-]{subsection.16.2}{\376\377\000D\000i\000s\000t\000r\000i\000b\000u\000t\000i\000o\000n\000\040\000S\000h\000i\000f\000t\000\040\000D\000e\000t\000e\000c\000t\000i\000o\000n}{section.16}% 52
\BOOKMARK [2][-]{subsection.16.3}{\376\377\000A\000k\000t\000u\000a\000r\000i\000e\000l\000l\000e\000\040\000R\000e\000s\000e\000r\000v\000i\000e\000r\000u\000n\000g}{section.16}% 53
\BOOKMARK [0][-]{part*.5}{\376\377\000T\000e\000i\000l\000\040\000V\000:\000\040\000F\000a\000l\000l\000s\000t\000u\000d\000i\000e\000n}{}% 54
\BOOKMARK [1][-]{section.17}{\376\377\000C\000a\000p\000s\000t\000o\000n\000e\000:\000\040\000D\000r\000e\000i\000\040\000U\000n\000d\000e\000r\000w\000r\000i\000t\000i\000n\000g\000-\000F\000\344\000l\000l\000e}{part*.5}% 55
\BOOKMARK [2][-]{subsection.17.1}{\376\377\000F\000a\000l\000l\000\040\0001\000:\000\040\000E\000i\000n\000z\000e\000l\000n\000e\000\040\000p\000s\000y\000c\000h\000i\000a\000t\000r\000i\000s\000c\000h\000e\000\040\000E\000p\000i\000s\000o\000d\000e\000\040\000\050\000A\000l\000g\000o\000r\000i\000t\000h\000m\000u\000s\000-\000\334\000b\000e\000r\000r\000e\000a\000k\000t\000i\000o\000n\000\051}{section.17}% 56
\BOOKMARK [2][-]{subsection.17.2}{\376\377\000F\000a\000l\000l\000\040\0002\000:\000\040\000R\000e\000z\000i\000d\000i\000v\000i\000e\000r\000e\000n\000d\000e\000\040\000D\000e\000p\000r\000e\000s\000s\000i\000o\000n\000\040\000\050\000A\000l\000g\000o\000r\000i\000t\000h\000m\000u\000s\000-\000U\000n\000t\000e\000r\000s\000c\000h\000\344\000t\000z\000u\000n\000g\000\051}{section.17}% 57
\BOOKMARK [2][-]{subsection.17.3}{\376\377\000F\000a\000l\000l\000\040\0003\000:\000\040\000M\000e\000t\000a\000b\000o\000l\000i\000s\000c\000h\000e\000\040\000T\000r\000i\000a\000d\000e\000\040\000\050\000N\000a\000i\000v\000e\000\040\000l\000i\000n\000e\000a\000r\000e\000\040\000S\000t\000a\000p\000e\000l\000u\000n\000g\000\051}{section.17}% 58
\BOOKMARK [1][-]{appendix.A}{\376\377\000F\000o\000r\000m\000e\000l\000s\000a\000m\000m\000l\000u\000n\000g}{part*.5}% 59
\BOOKMARK [1][-]{appendix.B}{\376\377\000G\000l\000o\000s\000s\000a\000r\000\040\000D\000e\000u\000t\000s\000c\000h\040\023\000E\000n\000g\000l\000i\000s\000c\000h}{part*.5}% 60
\BOOKMARK [1][-]{appendix.C}{\376\377\000L\000i\000t\000e\000r\000a\000t\000u\000r}{part*.5}% 61
\BOOKMARK [0][-]{part*.6}{\376\377\000I\000n\000t\000e\000r\000v\000i\000e\000w\000-\000M\000a\000p\000p\000i\000n\000g}{}% 62
